# JRE version: OpenJDK Runtime Environment (16.0+36) (build 16+36-2231)
# Java VM: OpenJDK 64-Bit Server VM (16+36-2231, mixed mode, sharing, tiered, compressed oops, g1 gc, windows-amd64)
GC Precious Log:
 CPUs: 4 total, 4 available
 Memory: 8136M
 Large Page Support: Disabled
 NUMA Support: Disabled
 Compressed Oops: Enabled (32-bit)
 Heap Region Size: 1M
 Heap Min Capacity: 8M
 Heap Initial Capacity: 128M
 Heap Max Capacity: 2036M
 Pre-touch: Disabled
 Parallel Workers: 4
 Concurrent Workers: 1
 Concurrent Refinement Workers: 4
 Periodic GC: Disabled
Heap:
 garbage-first heap   total 131072K, used 57276K [0x0000000080c00000, 0x0000000100000000)
  region size 1024K, 53 young (54272K), 8 survivors (8192K)
 Metaspace       used 20967K, committed 21248K, reserved 1073152K
  class space    used 2790K, committed 2944K, reserved 1048576K
GC Heap History (9 events):
Event: 1.707 GC heap before
{Heap before GC invocations=0 (full 0):
 garbage-first heap   total 131072K, used 13312K [0x0000000080c00000, 0x0000000100000000)
  region size 1024K, 13 young (13312K), 0 survivors (0K)
 Metaspace       used 3327K, committed 3456K, reserved 1056768K
  class space    used 394K, committed 448K, reserved 1048576K
}
Event: 1.724 GC heap after
{Heap after GC invocations=1 (full 0):
 garbage-first heap   total 131072K, used 6205K [0x0000000080c00000, 0x0000000100000000)
  region size 1024K, 2 young (2048K), 2 survivors (2048K)
 Metaspace       used 3327K, committed 3456K, reserved 1056768K
  class space    used 394K, committed 448K, reserved 1048576K
}
Event: 2.424 GC heap before
{Heap before GC invocations=1 (full 0):
 garbage-first heap   total 131072K, used 16445K [0x0000000080c00000, 0x0000000100000000)
  region size 1024K, 13 young (13312K), 2 survivors (2048K)
 Metaspace       used 6041K, committed 6272K, reserved 1056768K
  class space    used 695K, committed 832K, reserved 1048576K
}
Event: 2.430 GC heap after
{Heap after GC invocations=2 (full 0):
 garbage-first heap   total 131072K, used 7575K [0x0000000080c00000, 0x0000000100000000)
  region size 1024K, 2 young (2048K), 2 survivors (2048K)
 Metaspace       used 6041K, committed 6272K, reserved 1056768K
  class space    used 695K, committed 832K, reserved 1048576K
}
Event: 3.579 GC heap before
{Heap before GC invocations=2 (full 0):
 garbage-first heap   total 131072K, used 30103K [0x0000000080c00000, 0x0000000100000000)
  region size 1024K, 24 young (24576K), 2 survivors (2048K)
 Metaspace       used 10080K, committed 10304K, reserved 1064960K
  class space    used 1338K, committed 1472K, reserved 1048576K
}
Event: 3.585 GC heap after
{Heap after GC invocations=3 (full 0):
 garbage-first heap   total 131072K, used 9049K [0x0000000080c00000, 0x0000000100000000)
  region size 1024K, 3 young (3072K), 3 survivors (3072K)
 Metaspace       used 10080K, committed 10304K, reserved 1064960K
  class space    used 1338K, committed 1472K, reserved 1048576K
}
Event: 4.554 GC heap before
{Heap before GC invocations=3 (full 0):
 garbage-first heap   total 131072K, used 82777K [0x0000000080c00000, 0x0000000100000000)
  region size 1024K, 76 young (77824K), 3 survivors (3072K)
 Metaspace       used 16176K, committed 16384K, reserved 1064960K
  class space    used 2087K, committed 2176K, reserved 1048576K
}
Event: 4.564 GC heap after
{Heap after GC invocations=4 (full 0):
 garbage-first heap   total 131072K, used 11196K [0x0000000080c00000, 0x0000000100000000)
  region size 1024K, 5 young (5120K), 5 survivors (5120K)
 Metaspace       used 16176K, committed 16384K, reserved 1064960K
  class space    used 2087K, committed 2176K, reserved 1048576K
}
Event: 5.956 GC heap before
{Heap before GC invocations=4 (full 0):
 garbage-first heap   total 131072K, used 56252K [0x0000000080c00000, 0x0000000100000000)
  region size 1024K, 50 young (51200K), 5 survivors (5120K)
 Metaspace       used 20967K, committed 21248K, reserved 1073152K
  class space    used 2790K, committed 2944K, reserved 1048576K
}

